#
# There is insufficient memory for the Java Runtime Environment to continue.
# Native memory allocation (malloc) failed to allocate 1086416 bytes for Chunk::new
# Possible reasons:
#   The system is out of physical RAM or swap space
#   In 32 bit mode, the process size limit was hit
# Possible solutions:
#   Reduce memory load on the system
#   Increase physical memory or swap space
#   Check if swap backing store is full
#   Use 64 bit Java on a 64 bit OS
#   Decrease Java heap size (-Xmx/-Xms)
#   Decrease number of Java threads
#   Decrease Java thread stack sizes (-Xss)
#   Set larger code cache with -XX:ReservedCodeCacheSize=
# This output file may be truncated or incomplete.
#
#  Out of Memory Error (allocation.cpp:390), pid=47396, tid=0x000000000000c118
#
# JRE version: OpenJDK Runtime Environment (8.0_152-b02) (build 1.8.0_152-release-1024-b02)
# Java VM: OpenJDK 64-Bit Server VM (25.152-b02 mixed mode windows-amd64 compressed oops)
# Failed to write core dump. Minidumps are not enabled by default on client versions of Windows
#

---------------  T H R E A D  ---------------

Current thread (0x0000000018368000):  JavaThread "C2 CompilerThread0" daemon [_thread_in_native, id=49432, stack(0x0000000018b30000,0x0000000018c30000)]

Stack: [0x0000000018b30000,0x0000000018c30000]
[error occurred during error reporting (printing stack bounds), id 0xc0000005]

Native frames: (J=compiled Java code, j=interpreted, Vv=VM code, C=native code)


Current CompileTask:
C2:4044437 15823   !   4       org.gradle.internal.service.DefaultServiceRegistry::doGet (102 bytes)


---------------  P R O C E S S  ---------------

Java Threads: ( => current thread )
  0x00000000195ac000 JavaThread "Task worker for ':' Thread 7" [_thread_blocked, id=45564, stack(0x00000000308d0000,0x00000000309d0000)]
  0x00000000195b2800 JavaThread "Task worker for ':' Thread 6" [_thread_blocked, id=19084, stack(0x00000000307d0000,0x00000000308d0000)]
  0x00000000195ab000 JavaThread "Task worker for ':' Thread 5" [_thread_blocked, id=25532, stack(0x00000000306d0000,0x00000000307d0000)]
  0x00000000195af800 JavaThread "Task worker for ':' Thread 4" [_thread_blocked, id=50032, stack(0x00000000305d0000,0x00000000306d0000)]
  0x00000000195b2000 JavaThread "Task worker for ':' Thread 3" [_thread_blocked, id=42336, stack(0x00000000304d0000,0x00000000305d0000)]
  0x00000000195af000 JavaThread "Task worker for ':' Thread 2" [_thread_blocked, id=30076, stack(0x00000000303d0000,0x00000000304d0000)]
  0x00000000195b1000 JavaThread "Task worker for ':'" [_thread_in_native, id=22068, stack(0x00000000302d0000,0x00000000303d0000)]
  0x00000000195ae000 JavaThread "Cache worker for Build Output Cleanup Cache (D:\Data Transfer\Lalexample\.gradle\buildOutputCleanup)" [_thread_blocked, id=34888, stack(0x00000000301d0000,0x00000000302d0000)]
  0x00000000195ad800 JavaThread "Cache worker for task history cache (D:\Data Transfer\Lalexample\.gradle\4.4\taskHistory)" [_thread_blocked, id=43312, stack(0x00000000300d0000,0x00000000301d0000)]
  0x000000001c058800 JavaThread "Cache worker for file content cache (D:\Data Transfer\Lalexample\.gradle\4.4\fileContent)" [_thread_blocked, id=16776, stack(0x000000002ffd0000,0x00000000300d0000)]
  0x000000001c057000 JavaThread "build operations Thread 8" [_thread_blocked, id=27604, stack(0x000000002fed0000,0x000000002ffd0000)]
  0x000000001c059800 JavaThread "build operations Thread 7" [_thread_blocked, id=47368, stack(0x000000002fdd0000,0x000000002fed0000)]
  0x000000001c056800 JavaThread "build operations Thread 6" [_thread_blocked, id=48540, stack(0x000000002fcd0000,0x000000002fdd0000)]
  0x000000001c05b800 JavaThread "build operations Thread 5" [_thread_blocked, id=28532, stack(0x000000002fbd0000,0x000000002fcd0000)]
  0x000000001c058000 JavaThread "build operations Thread 4" [_thread_blocked, id=48104, stack(0x000000002fad0000,0x000000002fbd0000)]
  0x000000001c04f000 JavaThread "build operations Thread 3" [_thread_blocked, id=33252, stack(0x000000002f9d0000,0x000000002fad0000)]
  0x000000001c055800 JavaThread "build operations Thread 2" [_thread_blocked, id=34324, stack(0x000000002f8d0000,0x000000002f9d0000)]
  0x000000001c04f800 JavaThread "build operations" [_thread_blocked, id=44264, stack(0x000000002f7d0000,0x000000002f8d0000)]
  0x000000001c054000 JavaThread "Cache worker for Artifact transforms cache (C:\Users\Dell\.gradle\caches\transforms-1)" [_thread_blocked, id=40300, stack(0x000000002f6d0000,0x000000002f7d0000)]
  0x000000001c053800 JavaThread "Cache worker for file hash cache (D:\Data Transfer\Lalexample\.gradle\4.4\fileHashes)" [_thread_blocked, id=46088, stack(0x000000002f5d0000,0x000000002f6d0000)]
  0x000000001c052800 JavaThread "Stdin handler" [_thread_blocked, id=8136, stack(0x000000002f4d0000,0x000000002f5d0000)]
  0x000000001c055000 JavaThread "Asynchronous log dispatcher for DefaultDaemonConnection: socket connection from /127.0.0.1:55852 to /127.0.0.1:60412" [_thread_blocked, id=50080, stack(0x000000002f3d0000,0x000000002f4d0000)]
  0x000000001c052000 JavaThread "Daemon worker Thread 3" [_thread_blocked, id=36932, stack(0x000000002f2d0000,0x000000002f3d0000)]
  0x000000001c04e000 JavaThread "Cancel handler" [_thread_blocked, id=18540, stack(0x000000002f1d0000,0x000000002f2d0000)]
  0x000000001c051000 JavaThread "Handler for socket connection from /127.0.0.1:55852 to /127.0.0.1:60412" [_thread_in_native, id=49840, stack(0x000000002f0d0000,0x000000002f1d0000)]
  0x000000001c04d800 JavaThread "Daemon Thread 3" [_thread_blocked, id=43464, stack(0x000000002efd0000,0x000000002f0d0000)]
  0x000000001c05d000 JavaThread "Java2D Disposer" daemon [_thread_blocked, id=43752, stack(0x0000000028fd0000,0x00000000290d0000)]
  0x000000001977d800 JavaThread "Memory manager" [_thread_blocked, id=39340, stack(0x0000000022f40000,0x0000000023040000)]
  0x000000001a33c800 JavaThread "File lock request listener" [_thread_in_native, id=2940, stack(0x000000001bd80000,0x000000001be80000)]
  0x000000001a407800 JavaThread "Cache worker for file hash cache (C:\Users\Dell\.gradle\caches\4.4\fileHashes)" [_thread_blocked, id=48524, stack(0x000000001bc80000,0x000000001bd80000)]
  0x0000000019f14000 JavaThread "Daemon periodic checks" [_thread_blocked, id=18008, stack(0x000000001b080000,0x000000001b180000)]
  0x0000000019f12800 JavaThread "Incoming local TCP Connector on port 55852" [_thread_in_native, id=48140, stack(0x000000001ae40000,0x000000001af40000)]
  0x000000001648e800 JavaThread "Service Thread" daemon [_thread_blocked, id=46596, stack(0x0000000018f30000,0x0000000019030000)]
  0x000000001837b000 JavaThread "C1 CompilerThread3" daemon [_thread_blocked, id=20896, stack(0x0000000018e30000,0x0000000018f30000)]
  0x000000001837d800 JavaThread "C2 CompilerThread2" daemon [_thread_blocked, id=43712, stack(0x0000000018d30000,0x0000000018e30000)]
  0x000000001836d800 JavaThread "C2 CompilerThread1" daemon [_thread_blocked, id=42060, stack(0x0000000018c30000,0x0000000018d30000)]
=>0x0000000018368000 JavaThread "C2 CompilerThread0" daemon [_thread_in_native, id=49432, stack(0x0000000018b30000,0x0000000018c30000)]
  0x0000000018367000 JavaThread "Attach Listener" daemon [_thread_blocked, id=47012, stack(0x0000000018a30000,0x0000000018b30000)]
  0x0000000018375800 JavaThread "Signal Dispatcher" daemon [_thread_blocked, id=15160, stack(0x0000000018930000,0x0000000018a30000)]
  0x0000000018360800 JavaThread "Finalizer" daemon [_thread_blocked, id=49040, stack(0x0000000018740000,0x0000000018840000)]
  0x00000000026b8000 JavaThread "Reference Handler" daemon [_thread_blocked, id=35112, stack(0x0000000018240000,0x0000000018340000)]
  0x000000000252e800 JavaThread "main" [_thread_blocked, id=36552, stack(0x0000000002420000,0x0000000002520000)]

Other Threads:
  0x0000000016477000 VMThread [stack: 0x0000000018140000,0x0000000018240000] [id=39632]
  0x0000000018424800 WatcherThread [stack: 0x0000000019030000,0x0000000019130000] [id=42712]

VM state:not at safepoint (normal execution)

VM Mutex/Monitor currently owned by a thread: None

Heap:
 PSYoungGen      total 198144K, used 102611K [0x00000000e0000000, 0x00000000efd80000, 0x0000000100000000)
  eden space 158720K, 59% used [0x00000000e0000000,0x00000000e5c506d0,0x00000000e9b00000)
  from space 39424K, 20% used [0x00000000e9b00000,0x00000000ea2e4730,0x00000000ec180000)
  to   space 39936K, 0% used [0x00000000ed680000,0x00000000ed680000,0x00000000efd80000)
 ParOldGen       total 380928K, used 61687K [0x00000000a0000000, 0x00000000b7400000, 0x00000000e0000000)
  object space 380928K, 16% used [0x00000000a0000000,0x00000000a3c3de88,0x00000000b7400000)
 Metaspace       used 96846K, capacity 100616K, committed 101452K, reserved 1136640K
  class space    used 12365K, capacity 13183K, committed 13428K, reserved 1048576K

Card table byte_map: [0x0000000011a80000,0x0000000011d90000] byte_map_base: 0x0000000011580000

Marking Bits: (ParMarkBitMap*) 0x0000000065114970
 Begin Bits: [0x0000000012790000, 0x0000000013f90000)
 End Bits:   [0x0000000013f90000, 0x0000000015790000)

Polling page: 0x0000000000c00000

CodeCache: size=245760Kb used=43925Kb max_used=43956Kb free=201834Kb
 bounds [0x00000000026c0000, 0x0000000005200000, 0x00000000116c0000]
 total_blobs=13912 nmethods=12951 adapters=872
 compilation: enabled

Compilation events (10 events):
Event: 4043.558 Thread 0x000000001837d800 15881       4       org.apache.commons.lang.StringUtils::splitWorker (385 bytes)
Event: 4043.604 Thread 0x000000001837b000 15884       3       sun.nio.fs.WindowsSecurityDescriptor::release (75 bytes)
Event: 4043.605 Thread 0x000000001837b000 nmethod 15884 0x0000000002b2b250 code [0x0000000002b2b440, 0x0000000002b2bc98]
Event: 4043.607 Thread 0x000000001837d800 nmethod 15881 0x00000000051d9110 code [0x00000000051d9320, 0x00000000051dac78]
Event: 4043.607 Thread 0x000000001837d800 15880   !   4       java.util.zip.ZipInputStream::readLOC (315 bytes)
Event: 4043.646 Thread 0x000000001837d800 nmethod 15880 0x00000000051dc210 code [0x00000000051dc4e0, 0x00000000051de5a0]
Event: 4043.647 Thread 0x000000001837d800 15885       4       java.util.zip.ZipUtils::get32 (23 bytes)
Event: 4043.647 Thread 0x000000001837d800 nmethod 15885 0x0000000002b2af50 code [0x0000000002b2b080, 0x0000000002b2b158]
Event: 4043.647 Thread 0x000000001837d800 15871   !   4       org.gradle.internal.operations.DefaultBuildOperationQueue$WorkerRunnable::shutDown (44 bytes)
Event: 4043.650 Thread 0x000000001837d800 nmethod 15871 0x00000000051b6790 code [0x00000000051b6900, 0x00000000051b6b18]

GC Heap History (10 events):
Event: 3734.786 GC heap before
{Heap before GC invocations=19 (full 3):
 PSYoungGen      total 186880K, used 186812K [0x00000000e0000000, 0x00000000eea00000, 0x0000000100000000)
  eden space 168448K, 100% used [0x00000000e0000000,0x00000000ea480000,0x00000000ea480000)
  from space 18432K, 99% used [0x00000000ec000000,0x00000000ed1ef300,0x00000000ed200000)
  to   space 24576K, 0% used [0x00000000ed200000,0x00000000ed200000,0x00000000eea00000)
 ParOldGen       total 261120K, used 63217K [0x00000000a0000000, 0x00000000aff00000, 0x00000000e0000000)
  object space 261120K, 24% used [0x00000000a0000000,0x00000000a3dbc6a8,0x00000000aff00000)
 Metaspace       used 84534K, capacity 87676K, committed 87896K, reserved 1126400K
  class space    used 10876K, capacity 11596K, committed 11648K, reserved 1048576K
Event: 3734.804 GC heap after
Heap after GC invocations=19 (full 3):
 PSYoungGen      total 189440K, used 24549K [0x00000000e0000000, 0x00000000eea00000, 0x0000000100000000)
  eden space 164864K, 0% used [0x00000000e0000000,0x00000000e0000000,0x00000000ea100000)
  from space 24576K, 99% used [0x00000000ed200000,0x00000000ee9f9730,0x00000000eea00000)
  to   space 36864K, 0% used [0x00000000ea200000,0x00000000ea200000,0x00000000ec600000)
 ParOldGen       total 261120K, used 65324K [0x00000000a0000000, 0x00000000aff00000, 0x00000000e0000000)
  object space 261120K, 25% used [0x00000000a0000000,0x00000000a3fcb110,0x00000000aff00000)
 Metaspace       used 84534K, capacity 87676K, committed 87896K, reserved 1126400K
  class space    used 10876K, capacity 11596K, committed 11648K, reserved 1048576K
}
Event: 3737.118 GC heap before
{Heap before GC invocations=20 (full 3):
 PSYoungGen      total 189440K, used 189413K [0x00000000e0000000, 0x00000000eea00000, 0x0000000100000000)
  eden space 164864K, 100% used [0x00000000e0000000,0x00000000ea100000,0x00000000ea100000)
  from space 24576K, 99% used [0x00000000ed200000,0x00000000ee9f9730,0x00000000eea00000)
  to   space 36864K, 0% used [0x00000000ea200000,0x00000000ea200000,0x00000000ec600000)
 ParOldGen       total 261120K, used 65324K [0x00000000a0000000, 0x00000000aff00000, 0x00000000e0000000)
  object space 261120K, 25% used [0x00000000a0000000,0x00000000a3fcb110,0x00000000aff00000)
 Metaspace       used 91438K, capacity 94888K, committed 95064K, reserved 1132544K
  class space    used 11829K, capacity 12633K, committed 12672K, reserved 1048576K
Event: 3737.136 GC heap after
Heap after GC invocations=20 (full 3):
 PSYoungGen      total 187392K, used 25559K [0x00000000e0000000, 0x00000000ee800000, 0x0000000100000000)
  eden space 161792K, 0% used [0x00000000e0000000,0x00000000e0000000,0x00000000e9e00000)
  from space 25600K, 99% used [0x00000000ea200000,0x00000000ebaf5cc8,0x00000000ebb00000)
  to   space 37888K, 0% used [0x00000000ec300000,0x00000000ec300000,0x00000000ee800000)
 ParOldGen       total 261120K, used 74590K [0x00000000a0000000, 0x00000000aff00000, 0x00000000e0000000)
  object space 261120K, 28% used [0x00000000a0000000,0x00000000a48d78a8,0x00000000aff00000)
 Metaspace       used 91438K, capacity 94888K, committed 95064K, reserved 1132544K
  class space    used 11829K, capacity 12633K, committed 12672K, reserved 1048576K
}
Event: 3738.134 GC heap before
{Heap before GC invocations=21 (full 3):
 PSYoungGen      total 187392K, used 145258K [0x00000000e0000000, 0x00000000ee800000, 0x0000000100000000)
  eden space 161792K, 73% used [0x00000000e0000000,0x00000000e74e4d10,0x00000000e9e00000)
  from space 25600K, 99% used [0x00000000ea200000,0x00000000ebaf5cc8,0x00000000ebb00000)
  to   space 37888K, 0% used [0x00000000ec300000,0x00000000ec300000,0x00000000ee800000)
 ParOldGen       total 261120K, used 74590K [0x00000000a0000000, 0x00000000aff00000, 0x00000000e0000000)
  object space 261120K, 28% used [0x00000000a0000000,0x00000000a48d78a8,0x00000000aff00000)
 Metaspace       used 94269K, capacity 98286K, committed 98380K, reserved 1134592K
  class space    used 12216K, capacity 13078K, committed 13172K, reserved 1048576K
Event: 3738.159 GC heap after
Heap after GC invocations=21 (full 3):
 PSYoungGen      total 196608K, used 29251K [0x00000000e0000000, 0x00000000ee800000, 0x0000000100000000)
  eden space 158720K, 0% used [0x00000000e0000000,0x00000000e0000000,0x00000000e9b00000)
  from space 37888K, 77% used [0x00000000ec300000,0x00000000edf90f80,0x00000000ee800000)
  to   space 39424K, 0% used [0x00000000e9b00000,0x00000000e9b00000,0x00000000ec180000)
 ParOldGen       total 261120K, used 74598K [0x00000000a0000000, 0x00000000aff00000, 0x00000000e0000000)
  object space 261120K, 28% used [0x00000000a0000000,0x00000000a48d98a8,0x00000000aff00000)
 Metaspace       used 94269K, capacity 98286K, committed 98380K, reserved 1134592K
  class space    used 12216K, capacity 13078K, committed 13172K, reserved 1048576K
}
Event: 3738.159 GC heap before
{Heap before GC invocations=22 (full 4):
 PSYoungGen      total 196608K, used 29251K [0x00000000e0000000, 0x00000000ee800000, 0x0000000100000000)
  eden space 158720K, 0% used [0x00000000e0000000,0x00000000e0000000,0x00000000e9b00000)
  from space 37888K, 77% used [0x00000000ec300000,0x00000000edf90f80,0x00000000ee800000)
  to   space 39424K, 0% used [0x00000000e9b00000,0x00000000e9b00000,0x00000000ec180000)
 ParOldGen       total 261120K, used 74598K [0x00000000a0000000, 0x00000000aff00000, 0x00000000e0000000)
  object space 261120K, 28% used [0x00000000a0000000,0x00000000a48d98a8,0x00000000aff00000)
 Metaspace       used 94269K, capacity 98286K, committed 98380K, reserved 1134592K
  class space    used 12216K, capacity 13078K, committed 13172K, reserved 1048576K
Event: 3738.374 GC heap after
Heap after GC invocations=22 (full 4):
 PSYoungGen      total 196608K, used 0K [0x00000000e0000000, 0x00000000ee800000, 0x0000000100000000)
  eden space 158720K, 0% used [0x00000000e0000000,0x00000000e0000000,0x00000000e9b00000)
  from space 37888K, 0% used [0x00000000ec300000,0x00000000ec300000,0x00000000ee800000)
  to   space 39424K, 0% used [0x00000000e9b00000,0x00000000e9b00000,0x00000000ec180000)
 ParOldGen       total 380928K, used 61679K [0x00000000a0000000, 0x00000000b7400000, 0x00000000e0000000)
  object space 380928K, 16% used [0x00000000a0000000,0x00000000a3c3be88,0x00000000b7400000)
 Metaspace       used 93198K, capacity 96468K, committed 98380K, reserved 1134592K
  class space    used 12023K, capacity 12749K, committed 13172K, reserved 1048576K
}
Event: 4042.834 GC heap before
{Heap before GC invocations=23 (full 4):
 PSYoungGen      total 196608K, used 158713K [0x00000000e0000000, 0x00000000ee800000, 0x0000000100000000)
  eden space 158720K, 99% used [0x00000000e0000000,0x00000000e9afe460,0x00000000e9b00000)
  from space 37888K, 0% used [0x00000000ec300000,0x00000000ec300000,0x00000000ee800000)
  to   space 39424K, 0% used [0x00000000e9b00000,0x00000000e9b00000,0x00000000ec180000)
 ParOldGen       total 380928K, used 61679K [0x00000000a0000000, 0x00000000b7400000, 0x00000000e0000000)
  object space 380928K, 16% used [0x00000000a0000000,0x00000000a3c3be88,0x00000000b7400000)
 Metaspace       used 96547K, capacity 100286K, committed 101068K, reserved 1136640K
  class space    used 12332K, capacity 13144K, committed 13300K, reserved 1048576K
Event: 4042.840 GC heap after
Heap after GC invocations=23 (full 4):
 PSYoungGen      total 198144K, used 8081K [0x00000000e0000000, 0x00000000efd80000, 0x0000000100000000)
  eden space 158720K, 0% used [0x00000000e0000000,0x00000000e0000000,0x00000000e9b00000)
  from space 39424K, 20% used [0x00000000e9b00000,0x00000000ea2e4730,0x00000000ec180000)
  to   space 39936K, 0% used [0x00000000ed680000,0x00000000ed680000,0x00000000efd80000)
 ParOldGen       total 380928K, used 61687K [0x00000000a0000000, 0x00000000b7400000, 0x00000000e0000000)
  object space 380928K, 16% used [0x00000000a0000000,0x00000000a3c3de88,0x00000000b7400000)
 Metaspace       used 96547K, capacity 100286K, committed 101068K, reserved 1136640K
  class space    used 12332K, capacity 13144K, committed 13300K, reserved 1048576K
}

Deoptimization events (10 events):
Event: 3741.036 Thread 0x00000000195b6800 Uncommon trap: reason=class_check action=maybe_recompile pc=0x0000000004a2890c method=com.google.common.collect.AbstractMapBasedMultimap$Itr.hasNext()Z @ 16
Event: 3741.047 Thread 0x00000000195b3800 Uncommon trap: reason=unstable_if action=reinterpret pc=0x00000000048d26f4 method=com.esotericsoftware.kryo.io.Input.readInt(Z)I @ 42
Event: 3741.091 Thread 0x00000000195b3800 Uncommon trap: reason=unstable_if action=reinterpret pc=0x0000000004045448 method=com.esotericsoftware.kryo.io.Input.readInt(Z)I @ 42
Event: 3741.093 Thread 0x00000000195b3800 Uncommon trap: reason=unstable_if action=reinterpret pc=0x00000000040425c8 method=com.esotericsoftware.kryo.io.Input.readInt(Z)I @ 42
Event: 4043.054 Thread 0x000000001c052000 Uncommon trap: reason=unstable_if action=reinterpret pc=0x0000000002e448d4 method=java.lang.ref.SoftReference.get()Ljava/lang/Object; @ 6
Event: 4043.147 Thread 0x000000001c04f000 Uncommon trap: reason=unstable_if action=reinterpret pc=0x00000000027e2e08 method=java.util.concurrent.ConcurrentHashMap.addCount(JI)V @ 168
Event: 4043.402 Thread 0x00000000195b1000 Uncommon trap: reason=unstable_if action=reinterpret pc=0x0000000003cd3710 method=org.gradle.api.internal.file.collections.jdk7.Jdk7DirectoryWalker$1.checkStopFlag()Ljava/nio/file/FileVisitResult; @ 7
Event: 4043.409 Thread 0x00000000195b1000 Uncommon trap: reason=class_check action=maybe_recompile pc=0x00000000041e4230 method=com.google.common.collect.Sets$1.contains(Ljava/lang/Object;)Z @ 18
Event: 4043.444 Thread 0x00000000195b1000 Uncommon trap: reason=unstable_if action=reinterpret pc=0x000000000335db20 method=org.gradle.api.internal.changedetection.state.ValueSnapshotter.processValue(Ljava/lang/Object;Lorg/gradle/api/internal/changedetection/state/ValueSnapshotStrategy;)Lorg/grad
Event: 4043.539 Thread 0x00000000195b1000 Uncommon trap: reason=unstable_if action=reinterpret pc=0x0000000004a1713c method=java.io.PushbackInputStream.read([BII)I @ 122

Classes redefined (0 events):
No events

Internal exceptions (10 events):
Event: 4042.732 Thread 0x000000001c052000 Exception <a 'sun/nio/fs/WindowsException'> (0x00000000e77dc730) thrown at [D:\src\AOSP-openjdk-cygwin\jdk8u\hotspot\src\share\vm\prims\jni.cpp, line 709]
Event: 4042.732 Thread 0x000000001c052000 Exception <a 'sun/nio/fs/WindowsException'> (0x00000000e77dfd18) thrown at [D:\src\AOSP-openjdk-cygwin\jdk8u\hotspot\src\share\vm\prims\jni.cpp, line 709]
Event: 4042.732 Thread 0x000000001c052000 Exception <a 'sun/nio/fs/WindowsException'> (0x00000000e77e09b8) thrown at [D:\src\AOSP-openjdk-cygwin\jdk8u\hotspot\src\share\vm\prims\jni.cpp, line 709]
Event: 4042.732 Thread 0x000000001c052000 Exception <a 'sun/nio/fs/WindowsException'> (0x00000000e77e2a70) thrown at [D:\src\AOSP-openjdk-cygwin\jdk8u\hotspot\src\share\vm\prims\jni.cpp, line 709]
Event: 4042.732 Thread 0x000000001c052000 Exception <a 'sun/nio/fs/WindowsException'> (0x00000000e77e3748) thrown at [D:\src\AOSP-openjdk-cygwin\jdk8u\hotspot\src\share\vm\prims\jni.cpp, line 709]
Event: 4042.732 Thread 0x000000001c052000 Exception <a 'sun/nio/fs/WindowsException'> (0x00000000e77e63c0) thrown at [D:\src\AOSP-openjdk-cygwin\jdk8u\hotspot\src\share\vm\prims\jni.cpp, line 709]
Event: 4042.732 Thread 0x000000001c052000 Exception <a 'sun/nio/fs/WindowsException'> (0x00000000e77e70d8) thrown at [D:\src\AOSP-openjdk-cygwin\jdk8u\hotspot\src\share\vm\prims\jni.cpp, line 709]
Event: 4042.733 Thread 0x000000001c052000 Exception <a 'sun/nio/fs/WindowsException'> (0x00000000e77e9208) thrown at [D:\src\AOSP-openjdk-cygwin\jdk8u\hotspot\src\share\vm\prims\jni.cpp, line 709]
Event: 4042.733 Thread 0x000000001c052000 Exception <a 'sun/nio/fs/WindowsException'> (0x00000000e77e9f58) thrown at [D:\src\AOSP-openjdk-cygwin\jdk8u\hotspot\src\share\vm\prims\jni.cpp, line 709]
Event: 4043.054 Thread 0x000000001c052000 Implicit null exception at 0x0000000002e4345c to 0x0000000002e448bd

Events (10 events):
Event: 4043.444 Thread 0x00000000195b1000 Uncommon trap: trap_request=0xffffff65 fr.pc=0x000000000335db20
Event: 4043.444 Thread 0x00000000195b1000 DEOPT PACKING pc=0x000000000335db20 sp=0x00000000303ce210
Event: 4043.444 Thread 0x00000000195b1000 DEOPT UNPACKING pc=0x000000000270557b sp=0x00000000303ce1c8 mode 2
Event: 4043.444 loading class org/gradle/api/internal/changedetection/state/MapValueSnapshot
Event: 4043.444 loading class org/gradle/api/internal/changedetection/state/MapValueSnapshot done
Event: 4043.524 Thread 0x00000000195b1000 DEOPT PACKING pc=0x00000000047b33d7 sp=0x00000000303cd920
Event: 4043.524 Thread 0x00000000195b1000 DEOPT UNPACKING pc=0x00000000027075d0 sp=0x00000000303cd688 mode 0
Event: 4043.539 Thread 0x00000000195b1000 Uncommon trap: trap_request=0xffffff65 fr.pc=0x0000000004a1713c
Event: 4043.539 Thread 0x00000000195b1000 DEOPT PACKING pc=0x0000000004a1713c sp=0x00000000303cda50
Event: 4043.539 Thread 0x00000000195b1000 DEOPT UNPACKING pc=0x000000000270557b sp=0x00000000303cd9a8 mode 2


Dynamic libraries:
0x00007ff6af380000 - 0x00007ff6af3b1000 	D:\Android\jre\bin\java.exe
0x00007fff3ba10000 - 0x00007fff3bbf1000 	C:\Windows\SYSTEM32\ntdll.dll
0x00007fff38eb0000 - 0x00007fff38f61000 	C:\Windows\System32\KERNEL32.DLL
0x00007fff389b0000 - 0x00007fff38c23000 	C:\Windows\System32\KERNELBASE.dll
0x00007fff390a0000 - 0x00007fff39141000 	C:\Windows\System32\ADVAPI32.dll
0x00007fff3b940000 - 0x00007fff3b9de000 	C:\Windows\System32\msvcrt.dll
0x00007fff3b3a0000 - 0x00007fff3b3fb000 	C:\Windows\System32\sechost.dll
0x00007fff38f70000 - 0x00007fff39094000 	C:\Windows\System32\RPCRT4.dll
0x00007fff3b470000 - 0x00007fff3b600000 	C:\Windows\System32\USER32.dll
0x00007fff385f0000 - 0x00007fff38610000 	C:\Windows\System32\win32u.dll
0x00007fff39820000 - 0x00007fff39848000 	C:\Windows\System32\GDI32.dll
0x00007fff38610000 - 0x00007fff387a2000 	C:\Windows\System32\gdi32full.dll
0x00007fff38550000 - 0x00007fff385ef000 	C:\Windows\System32\msvcp_win.dll
0x00007fff38800000 - 0x00007fff388f8000 	C:\Windows\System32\ucrtbase.dll
0x00007fff2f550000 - 0x00007fff2f7b9000 	C:\Windows\WinSxS\amd64_microsoft.windows.common-controls_6595b64144ccf1df_6.0.17134.765_none_fb42a1a930655896\COMCTL32.dll
0x00007fff3b600000 - 0x00007fff3b922000 	C:\Windows\System32\combase.dll
0x00007fff38e20000 - 0x00007fff38e9a000 	C:\Windows\System32\bcryptPrimitives.dll
0x00007fff39f20000 - 0x00007fff39f4d000 	C:\Windows\System32\IMM32.DLL
0x00000000644a0000 - 0x0000000064572000 	D:\Android\jre\jre\bin\msvcr100.dll
0x0000000064950000 - 0x000000006518f000 	D:\Android\jre\jre\bin\server\jvm.dll
0x00007fff3b930000 - 0x00007fff3b938000 	C:\Windows\System32\PSAPI.DLL
0x00007fff2cbd0000 - 0x00007fff2cbf3000 	C:\Windows\SYSTEM32\WINMM.dll
0x00007fff2f860000 - 0x00007fff2f86a000 	C:\Windows\SYSTEM32\VERSION.dll
0x00007fff2e2e0000 - 0x00007fff2e2e9000 	C:\Windows\SYSTEM32\WSOCK32.dll
0x00007fff2c7a0000 - 0x00007fff2c7ca000 	C:\Windows\SYSTEM32\WINMMBASE.dll
0x00007fff387b0000 - 0x00007fff387f9000 	C:\Windows\System32\cfgmgr32.dll
0x00007fff3b400000 - 0x00007fff3b46c000 	C:\Windows\System32\ws2_32.DLL
0x00007fff30610000 - 0x00007fff3061f000 	D:\Android\jre\jre\bin\verify.dll
0x00007fff0c760000 - 0x00007fff0c789000 	D:\Android\jre\jre\bin\java.dll
0x00007fff30bd0000 - 0x00007fff30be6000 	D:\Android\jre\jre\bin\zip.dll
0x00007fff39f50000 - 0x00007fff3b390000 	C:\Windows\System32\SHELL32.dll
0x00007fff39770000 - 0x00007fff39819000 	C:\Windows\System32\shcore.dll
0x00007fff37e40000 - 0x00007fff3854d000 	C:\Windows\System32\windows.storage.dll
0x00007fff398f0000 - 0x00007fff39941000 	C:\Windows\System32\shlwapi.dll
0x00007fff37dc0000 - 0x00007fff37dd1000 	C:\Windows\System32\kernel.appcore.dll
0x00007fff37d30000 - 0x00007fff37d4f000 	C:\Windows\System32\profapi.dll
0x00007fff37d50000 - 0x00007fff37d9c000 	C:\Windows\System32\powrprof.dll
0x00007fff37d20000 - 0x00007fff37d2a000 	C:\Windows\System32\FLTLIB.DLL
0x00007ffefbb60000 - 0x00007ffefbb7a000 	D:\Android\jre\jre\bin\net.dll
0x00007fff375a0000 - 0x00007fff37606000 	C:\Windows\system32\mswsock.dll
0x00007fff184f0000 - 0x00007fff18501000 	D:\Android\jre\jre\bin\nio.dll
0x00007fff334d0000 - 0x00007fff334ee000 	C:\Users\Dell\.gradle\native\25\windows-amd64\native-platform.dll
0x00007fff16f70000 - 0x00007fff16f7d000 	D:\Android\jre\jre\bin\management.dll
0x00007fff37750000 - 0x00007fff37767000 	C:\Windows\SYSTEM32\CRYPTSP.dll
0x00007fff37180000 - 0x00007fff371b3000 	C:\Windows\system32\rsaenh.dll
0x00007fff37880000 - 0x00007fff378a5000 	C:\Windows\SYSTEM32\bcrypt.dll
0x00007fff37c50000 - 0x00007fff37c78000 	C:\Windows\SYSTEM32\USERENV.dll
0x00007fff37770000 - 0x00007fff3777b000 	C:\Windows\SYSTEM32\CRYPTBASE.dll
0x00007fff37320000 - 0x00007fff37358000 	C:\Windows\SYSTEM32\IPHLPAPI.DLL
0x00007fff38ea0000 - 0x00007fff38ea8000 	C:\Windows\System32\NSI.dll
0x00007fff32060000 - 0x00007fff32076000 	C:\Windows\SYSTEM32\dhcpcsvc6.DLL
0x00007fff323d0000 - 0x00007fff323ea000 	C:\Windows\SYSTEM32\dhcpcsvc.DLL
0x00007ffee6a90000 - 0x00007ffee6c26000 	D:\Android\jre\jre\bin\awt.dll
0x00007fff39640000 - 0x00007fff39702000 	C:\Windows\System32\OLEAUT32.dll
0x00007fff34d90000 - 0x00007fff35357000 	C:\Windows\SYSTEM32\d2d1.dll
0x00007fff35b70000 - 0x00007fff35bfb000 	C:\Windows\SYSTEM32\apphelp.dll
0x00007fff36190000 - 0x00007fff361b9000 	C:\Windows\system32\DWMAPI.DLL
0x00007fff36060000 - 0x00007fff360f8000 	C:\Windows\system32\uxtheme.dll
0x00007fff08820000 - 0x00007fff08844000 	D:\Android\jre\jre\bin\sunec.dll
0x00007fff37370000 - 0x00007fff3742e000 	C:\Windows\SYSTEM32\DNSAPI.dll
0x00007fff2f8d0000 - 0x00007fff2f8da000 	C:\Windows\System32\rasadhlp.dll
0x00007fff2fad0000 - 0x00007fff2fb42000 	C:\Windows\System32\fwpuclnt.dll
0x00007fff33f90000 - 0x00007fff33f9b000 	D:\Android\jre\jre\bin\sunmscapi.dll
0x00007fff38c30000 - 0x00007fff38e12000 	C:\Windows\System32\CRYPT32.dll
0x00007fff37da0000 - 0x00007fff37db2000 	C:\Windows\System32\MSASN1.dll

VM Arguments:
jvm_args: -Xmx1536m -Dfile.encoding=windows-1252 -Duser.country=MY -Duser.language=en -Duser.variant 
java_command: org.gradle.launcher.daemon.bootstrap.GradleDaemon 4.4
java_class_path (initial): C:\Users\Dell\.gradle\wrapper\dists\gradle-4.4-all\9br9xq1tocpiv8o6njlyu5op1\gradle-4.4\lib\gradle-launcher-4.4.jar
Launcher Type: SUN_STANDARD

Environment Variables:
JAVA_HOME=C:\Program Files\Java\jdk1.8.0_211
CLASSPATH=.;
PATH=C:\Python27\;C:\Python27\Scripts;C:\Program Files (x86)\Intel\Intel(R) Management Engine Components\iCLS\;C:\Program Files\Intel\Intel(R) Management Engine Components\iCLS\;C:\Windows\system32;C:\Windows;C:\Windows\System32\Wbem;C:\Windows\System32\WindowsPowerShell\v1.0\;C:\Windows\System32\OpenSSH\;C:\Program Files (x86)\Intel\Intel(R) Management Engine Components\DAL;C:\Program Files\Intel\Intel(R) Management Engine Components\DAL;C:\Program Files (x86)\Intel\Intel(R) Management Engine Components\IPT;C:\Program Files\Intel\Intel(R) Management Engine Components\IPT;C:\Users\Dell\AppData\Local\Programs\Python\Python37-32;C:\Users\Dell\AppData\Local\Programs\Python\Python37-32\Scripts;C:\Program Files\Git\cmd;C:\ProgramData\chocolatey\bin;C:\Program Files\nodejs\;C:\Program Files\Java\jdk1.8.0_211\bin;C:\Users\Dell\AppData\Local\Microsoft\WindowsApps;C:\Program Files\JetBrains\PyCharm 2018.3\bin;;C:\Users\Dell\AppData\Local\atom\bin;D:\Microsoft VS Code\bin;C:\Users\Dell\AppData\Roaming\npm
USERNAME=Dell
OS=Windows_NT
PROCESSOR_IDENTIFIER=Intel64 Family 6 Model 142 Stepping 10, GenuineIntel



---------------  S Y S T E M  ---------------

OS: Windows 10.0 , 64 bit Build 17134 (10.0.17134.753)

CPU:total 8 (initial active 8) (4 cores per cpu, 2 threads per core) family 6 model 142 stepping 10, cmov, cx8, fxsr, mmx, sse, sse2, sse3, ssse3, sse4.1, sse4.2, popcnt, avx, avx2, aes, clmul, erms, 3dnowpref, lzcnt, ht, tsc, tscinvbit, bmi1, bmi2, adx

Memory: 4k page, physical 16672508k(1362968k free), swap 30486136k(7368k free)

vm_info: OpenJDK 64-Bit Server VM (25.152-b02) for windows-amd64 JRE (1.8.0_152-release-1024-b02), built by "builder" with MS VC++ 10.0 (VS2010)

time: Thu Jun 20 15:26:23 2019
elapsed time: 4043 seconds (0d 1h 7m 23s)

