#
# There is insufficient memory for the Java Runtime Environment to continue.
# Native memory allocation (malloc) failed to allocate 1006672 bytes for Chunk::new
# Possible reasons:
#   The system is out of physical RAM or swap space
#   In 32 bit mode, the process size limit was hit
# Possible solutions:
#   Reduce memory load on the system
#   Increase physical memory or swap space
#   Check if swap backing store is full
#   Use 64 bit Java on a 64 bit OS
#   Decrease Java heap size (-Xmx/-Xms)
#   Decrease number of Java threads
#   Decrease Java thread stack sizes (-Xss)
#   Set larger code cache with -XX:ReservedCodeCacheSize=
# This output file may be truncated or incomplete.
#
#  Out of Memory Error (allocation.cpp:390), pid=49332, tid=0x000000000000a574
#
# JRE version: OpenJDK Runtime Environment (8.0_152-b02) (build 1.8.0_152-release-1024-b02)
# Java VM: OpenJDK 64-Bit Server VM (25.152-b02 mixed mode windows-amd64 compressed oops)
# Failed to write core dump. Minidumps are not enabled by default on client versions of Windows
#

---------------  T H R E A D  ---------------

Current thread (0x0000000016d9e000):  JavaThread "C2 CompilerThread2" daemon [_thread_in_native, id=42356, stack(0x0000000019660000,0x0000000019760000)]

Stack: [0x0000000019660000,0x0000000019760000]
[error occurred during error reporting (printing stack bounds), id 0xc0000005]

Native frames: (J=compiled Java code, j=interpreted, Vv=VM code, C=native code)


Current CompileTask:
C2:1074267 20488       4       org.gradle.api.internal.file.collections.DefaultFileCollectionResolveContext::doResolve (356 bytes)


---------------  P R O C E S S  ---------------

Java Threads: ( => current thread )
  0x0000000019dd3000 JavaThread "stdout" daemon [_thread_in_native, id=24680, stack(0x00000000397c0000,0x00000000398c0000)]
  0x0000000019dd1800 JavaThread "stderr" daemon [_thread_in_native, id=19672, stack(0x00000000396c0000,0x00000000397c0000)]
  0x0000000019dd5000 JavaThread "stdout" daemon [_thread_in_native, id=19476, stack(0x00000000395c0000,0x00000000396c0000)]
  0x0000000019dd4800 JavaThread "stderr" daemon [_thread_in_native, id=29772, stack(0x00000000394c0000,0x00000000395c0000)]
  0x0000000019dd2000 JavaThread "stdout" daemon [_thread_in_native, id=44524, stack(0x00000000393c0000,0x00000000394c0000)]
  0x0000000019dc9000 JavaThread "stderr" daemon [_thread_in_native, id=49032, stack(0x00000000392c0000,0x00000000393c0000)]
  0x0000000019dd0000 JavaThread "stdout" daemon [_thread_in_native, id=4524, stack(0x00000000391c0000,0x00000000392c0000)]
  0x0000000019dcd800 JavaThread "stderr" daemon [_thread_in_native, id=46004, stack(0x00000000390c0000,0x00000000391c0000)]
  0x0000000019dcf000 JavaThread "queued-resource-processor_16" daemon [_thread_blocked, id=35724, stack(0x0000000038fc0000,0x00000000390c0000)]
  0x0000000019dce800 JavaThread "queued-resource-processor_15" daemon [_thread_blocked, id=44372, stack(0x0000000038ec0000,0x0000000038fc0000)]
  0x0000000019dc6000 JavaThread "queued-resource-processor_14" daemon [_thread_blocked, id=46512, stack(0x0000000038dc0000,0x0000000038ec0000)]
  0x0000000019dcb800 JavaThread "stdout" daemon [_thread_in_native, id=46740, stack(0x0000000038cc0000,0x0000000038dc0000)]
  0x0000000019dca800 JavaThread "stderr" daemon [_thread_in_native, id=43476, stack(0x0000000038bc0000,0x0000000038cc0000)]
  0x0000000019dcd000 JavaThread "queued-resource-processor_13" daemon [_thread_blocked, id=49264, stack(0x0000000038ac0000,0x0000000038bc0000)]
  0x0000000019dc8800 JavaThread "queued-resource-processor_12" daemon [_thread_blocked, id=47744, stack(0x00000000389c0000,0x0000000038ac0000)]
  0x0000000019dc7800 JavaThread "queued-resource-processor_11" daemon [_thread_blocked, id=50056, stack(0x00000000388c0000,0x00000000389c0000)]
  0x0000000019dcc000 JavaThread "queued-resource-processor_10" daemon [_thread_blocked, id=17148, stack(0x00000000387c0000,0x00000000388c0000)]
  0x0000000019dc7000 JavaThread "queued-resource-processor_9" daemon [_thread_blocked, id=40768, stack(0x00000000386c0000,0x00000000387c0000)]
  0x0000000024a7f000 JavaThread "Java2D Disposer" daemon [_thread_blocked, id=38724, stack(0x0000000036cc0000,0x0000000036dc0000)]
  0x0000000024a82800 JavaThread "Worker Daemon Execution Thread 6" [_thread_blocked, id=44868, stack(0x0000000036bc0000,0x0000000036cc0000)]
  0x0000000024a85800 JavaThread "Worker Daemon Execution Thread 5" [_thread_blocked, id=44428, stack(0x0000000036ac0000,0x0000000036bc0000)]
  0x0000000024a7f800 JavaThread "Worker Daemon Execution Thread 4" [_thread_blocked, id=36212, stack(0x00000000369c0000,0x0000000036ac0000)]
  0x0000000024a81000 JavaThread "Worker Daemon Execution Thread 3" [_thread_blocked, id=39908, stack(0x00000000368c0000,0x00000000369c0000)]
  0x0000000024a83800 JavaThread "Worker Daemon Execution Thread 2" [_thread_blocked, id=42280, stack(0x00000000367c0000,0x00000000368c0000)]
  0x0000000024a82000 JavaThread "Worker Daemon Execution" [_thread_blocked, id=40480, stack(0x00000000366c0000,0x00000000367c0000)]
  0x000000001cac7800 JavaThread "Task worker for ':' Thread 7" [_thread_blocked, id=47412, stack(0x00000000365c0000,0x00000000366c0000)]
  0x000000001cac6800 JavaThread "Task worker for ':' Thread 6" [_thread_blocked, id=16676, stack(0x00000000364c0000,0x00000000365c0000)]
  0x000000001cac1800 JavaThread "Task worker for ':' Thread 5" [_thread_blocked, id=47240, stack(0x00000000363c0000,0x00000000364c0000)]
  0x000000001cac6000 JavaThread "Task worker for ':' Thread 4" [_thread_blocked, id=48388, stack(0x00000000362c0000,0x00000000363c0000)]
  0x000000001cabe800 JavaThread "Task worker for ':' Thread 3" [_thread_blocked, id=46704, stack(0x00000000361c0000,0x00000000362c0000)]
  0x000000001cac5000 JavaThread "Task worker for ':' Thread 2" [_thread_blocked, id=7604, stack(0x00000000360c0000,0x00000000361c0000)]
  0x000000001cabd800 JavaThread "Task worker for ':'" [_thread_blocked, id=49400, stack(0x0000000035fc0000,0x00000000360c0000)]
  0x000000001cabf000 JavaThread "Cache worker for Build Output Cleanup Cache (D:\Data Transfer\Lalexample\.gradle\buildOutputCleanup)" [_thread_blocked, id=45640, stack(0x0000000035ec0000,0x0000000035fc0000)]
  0x000000001cac0000 JavaThread "Cache worker for task history cache (D:\Data Transfer\Lalexample\.gradle\4.4\taskHistory)" [_thread_blocked, id=37872, stack(0x0000000035dc0000,0x0000000035ec0000)]
  0x000000001cac4800 JavaThread "build operations Thread 8" [_thread_blocked, id=22308, stack(0x0000000035cc0000,0x0000000035dc0000)]
  0x000000001cca8800 JavaThread "build operations Thread 7" [_thread_blocked, id=46616, stack(0x0000000035bc0000,0x0000000035cc0000)]
  0x000000001cca8000 JavaThread "build operations Thread 6" [_thread_blocked, id=47748, stack(0x0000000035ac0000,0x0000000035bc0000)]
  0x000000001cca6800 JavaThread "build operations Thread 5" [_thread_blocked, id=47100, stack(0x00000000359c0000,0x0000000035ac0000)]
  0x000000001cca5800 JavaThread "build operations Thread 4" [_thread_blocked, id=43512, stack(0x00000000358c0000,0x00000000359c0000)]
  0x000000001cc9e000 JavaThread "build operations Thread 3" [_thread_blocked, id=32332, stack(0x00000000357c0000,0x00000000358c0000)]
  0x000000001cca5000 JavaThread "build operations Thread 2" [_thread_blocked, id=40704, stack(0x00000000356c0000,0x00000000357c0000)]
  0x000000001cca4000 JavaThread "build operations" [_thread_blocked, id=33252, stack(0x00000000355c0000,0x00000000356c0000)]
  0x000000001cc9c800 JavaThread "Cache worker for Artifact transforms cache (C:\Users\Dell\.gradle\caches\transforms-1)" [_thread_blocked, id=43260, stack(0x00000000354c0000,0x00000000355c0000)]
  0x000000001cca3800 JavaThread "Cache worker for file hash cache (D:\Data Transfer\Lalexample\.gradle\4.4\fileHashes)" [_thread_blocked, id=46052, stack(0x00000000353c0000,0x00000000354c0000)]
  0x000000001cca2800 JavaThread "Stdin handler" [_thread_blocked, id=37680, stack(0x00000000352c0000,0x00000000353c0000)]
  0x000000001cca2000 JavaThread "Asynchronous log dispatcher for DefaultDaemonConnection: socket connection from /127.0.0.1:60579 to /127.0.0.1:61699" [_thread_blocked, id=48972, stack(0x00000000351c0000,0x00000000352c0000)]
  0x000000001cc9a000 JavaThread "Cancel handler" [_thread_blocked, id=35996, stack(0x00000000350c0000,0x00000000351c0000)]
  0x000000001cc9b800 JavaThread "Handler for socket connection from /127.0.0.1:60579 to /127.0.0.1:61699" [_thread_in_native, id=42792, stack(0x0000000034fc0000,0x00000000350c0000)]
  0x000000001cac3800 JavaThread "Daemon worker Thread 4" [_thread_blocked, id=22412, stack(0x0000000033fc0000,0x00000000340c0000)]
  0x000000001cac2000 JavaThread "Daemon Thread 4" [_thread_blocked, id=49228, stack(0x0000000033cc0000,0x0000000033dc0000)]
  0x000000001cc99800 JavaThread "Memory manager" [_thread_blocked, id=46596, stack(0x0000000023530000,0x0000000023630000)]
  0x000000001b011000 JavaThread "File lock request listener" [_thread_in_native, id=49852, stack(0x000000001c6b0000,0x000000001c7b0000)]
  0x000000001aac9000 JavaThread "Cache worker for file hash cache (C:\Users\Dell\.gradle\caches\4.4\fileHashes)" [_thread_blocked, id=31612, stack(0x000000001c5b0000,0x000000001c6b0000)]
  0x000000001a961800 JavaThread "Daemon periodic checks" [_thread_blocked, id=40784, stack(0x000000001b9b0000,0x000000001bab0000)]
  0x000000001a95d000 JavaThread "Incoming local TCP Connector on port 60579" [_thread_in_native, id=38640, stack(0x000000001b770000,0x000000001b870000)]
  0x0000000018d35000 JavaThread "Service Thread" daemon [_thread_blocked, id=460, stack(0x0000000019860000,0x0000000019960000)]
  0x0000000018ca7000 JavaThread "C1 CompilerThread3" daemon [_thread_blocked, id=22072, stack(0x0000000019760000,0x0000000019860000)]
=>0x0000000016d9e000 JavaThread "C2 CompilerThread2" daemon [_thread_in_native, id=42356, stack(0x0000000019660000,0x0000000019760000)]
  0x0000000018c9b800 JavaThread "C2 CompilerThread1" daemon [_thread_blocked, id=46448, stack(0x0000000019560000,0x0000000019660000)]
  0x0000000018c98000 JavaThread "C2 CompilerThread0" daemon [_thread_blocked, id=47332, stack(0x0000000019460000,0x0000000019560000)]
  0x0000000018c97000 JavaThread "Attach Listener" daemon [_thread_blocked, id=47676, stack(0x0000000019360000,0x0000000019460000)]
  0x0000000018ca5800 JavaThread "Signal Dispatcher" daemon [_thread_blocked, id=45668, stack(0x0000000019260000,0x0000000019360000)]
  0x0000000018c90800 JavaThread "Finalizer" daemon [_thread_blocked, id=31480, stack(0x0000000019070000,0x0000000019170000)]
  0x0000000002fa8000 JavaThread "Reference Handler" daemon [_thread_blocked, id=48728, stack(0x0000000018b70000,0x0000000018c70000)]
  0x0000000002d9e000 JavaThread "main" [_thread_blocked, id=49296, stack(0x0000000002db0000,0x0000000002eb0000)]

Other Threads:
  0x0000000016d87000 VMThread [stack: 0x0000000018a70000,0x0000000018b70000] [id=26484]
  0x0000000018d46000 WatcherThread [stack: 0x0000000019960000,0x0000000019a60000] [id=49812]

VM state:not at safepoint (normal execution)

VM Mutex/Monitor currently owned by a thread: None

Heap:
 PSYoungGen      total 468992K, used 23868K [0x00000000e0000000, 0x0000000100000000, 0x0000000100000000)
  eden space 415232K, 3% used [0x00000000e0000000,0x00000000e0c32e20,0x00000000f9580000)
  from space 53760K, 21% used [0x00000000f9580000,0x00000000fa09c410,0x00000000fca00000)
  to   space 53760K, 0% used [0x00000000fcb80000,0x00000000fcb80000,0x0000000100000000)
 ParOldGen       total 369152K, used 75324K [0x00000000a0000000, 0x00000000b6880000, 0x00000000e0000000)
  object space 369152K, 20% used [0x00000000a0000000,0x00000000a498f140,0x00000000b6880000)
 Metaspace       used 95875K, capacity 100475K, committed 103116K, reserved 1138688K
  class space    used 12255K, capacity 13256K, committed 13824K, reserved 1048576K

Card table byte_map: [0x0000000012370000,0x0000000012680000] byte_map_base: 0x0000000011e70000

Marking Bits: (ParMarkBitMap*) 0x0000000065114970
 Begin Bits: [0x0000000013080000, 0x0000000014880000)
 End Bits:   [0x0000000014880000, 0x0000000016080000)

Polling page: 0x00000000010e0000

CodeCache: size=245760Kb used=54773Kb max_used=55175Kb free=190986Kb
 bounds [0x0000000002fb0000, 0x00000000065e0000, 0x0000000011fb0000]
 total_blobs=17151 nmethods=16153 adapters=909
 compilation: enabled

Compilation events (10 events):
Event: 1073.930 Thread 0x0000000018ca7000 20508       3       java.lang.ref.Reference$ReferenceHandler::run (8 bytes)
Event: 1073.930 Thread 0x0000000018ca7000 nmethod 20508 0x0000000003184750 code [0x00000000031848c0, 0x0000000003184aa8]
Event: 1073.931 Thread 0x0000000018ca7000 20509       3       java.io.FileOutputStream::finalize (39 bytes)
Event: 1073.932 Thread 0x0000000018ca7000 nmethod 20509 0x00000000065d1050 code [0x00000000065d11c0, 0x00000000065d1588]
Event: 1073.934 Thread 0x0000000018ca7000 20510       3       com.sun.crypto.provider.GHASH::update (9 bytes)
Event: 1073.935 Thread 0x0000000018ca7000 nmethod 20510 0x00000000065d0bd0 code [0x00000000065d0d40, 0x00000000065d0f68]
Event: 1073.936 Thread 0x0000000018ca7000 20511       3       com.sun.crypto.provider.GaloisCounterMode::expandToOneBlock (65 bytes)
Event: 1073.936 Thread 0x0000000018ca7000 nmethod 20511 0x000000000324a090 code [0x000000000324a280, 0x000000000324aa48]
Event: 1073.985 Thread 0x0000000018ca7000 20512       3       java.util.stream.ForEachOps$ForEachOp$OfRef::accept (11 bytes)
Event: 1073.986 Thread 0x0000000018ca7000 nmethod 20512 0x000000000355e750 code [0x000000000355e8c0, 0x000000000355eae8]

GC Heap History (10 events):
Event: 855.716 GC heap before
{Heap before GC invocations=25 (full 3):
 PSYoungGen      total 353792K, used 341478K [0x00000000e0000000, 0x00000000ff080000, 0x0000000100000000)
  eden space 304128K, 100% used [0x00000000e0000000,0x00000000f2900000,0x00000000f2900000)
  from space 49664K, 75% used [0x00000000f2900000,0x00000000f4d79a38,0x00000000f5980000)
  to   space 52736K, 0% used [0x00000000fbd00000,0x00000000fbd00000,0x00000000ff080000)
 ParOldGen       total 276992K, used 79929K [0x00000000a0000000, 0x00000000b0e80000, 0x00000000e0000000)
  object space 276992K, 28% used [0x00000000a0000000,0x00000000a4e0e5d8,0x00000000b0e80000)
 Metaspace       used 84847K, capacity 90051K, committed 90200K, reserved 1126400K
  class space    used 11303K, capacity 12353K, committed 12416K, reserved 1048576K
Event: 855.758 GC heap after
Heap after GC invocations=25 (full 3):
 PSYoungGen      total 450048K, used 39072K [0x00000000e0000000, 0x00000000ff100000, 0x0000000100000000)
  eden space 397312K, 0% used [0x00000000e0000000,0x00000000e0000000,0x00000000f8400000)
  from space 52736K, 74% used [0x00000000fbd00000,0x00000000fe328018,0x00000000ff080000)
  to   space 55808K, 0% used [0x00000000f8400000,0x00000000f8400000,0x00000000fba80000)
 ParOldGen       total 276992K, used 87117K [0x00000000a0000000, 0x00000000b0e80000, 0x00000000e0000000)
  object space 276992K, 31% used [0x00000000a0000000,0x00000000a5513768,0x00000000b0e80000)
 Metaspace       used 84847K, capacity 90051K, committed 90200K, reserved 1126400K
  class space    used 11303K, capacity 12353K, committed 12416K, reserved 1048576K
}
Event: 923.784 GC heap before
{Heap before GC invocations=26 (full 3):
 PSYoungGen      total 450048K, used 436384K [0x00000000e0000000, 0x00000000ff100000, 0x0000000100000000)
  eden space 397312K, 100% used [0x00000000e0000000,0x00000000f8400000,0x00000000f8400000)
  from space 52736K, 74% used [0x00000000fbd00000,0x00000000fe328018,0x00000000ff080000)
  to   space 55808K, 0% used [0x00000000f8400000,0x00000000f8400000,0x00000000fba80000)
 ParOldGen       total 276992K, used 87117K [0x00000000a0000000, 0x00000000b0e80000, 0x00000000e0000000)
  object space 276992K, 31% used [0x00000000a0000000,0x00000000a5513768,0x00000000b0e80000)
 Metaspace       used 86080K, capacity 91851K, committed 91992K, reserved 1128448K
  class space    used 11422K, capacity 12572K, committed 12672K, reserved 1048576K
Event: 923.824 GC heap after
Heap after GC invocations=26 (full 3):
 PSYoungGen      total 453120K, used 26904K [0x00000000e0000000, 0x00000000ffe00000, 0x0000000100000000)
  eden space 397312K, 0% used [0x00000000e0000000,0x00000000e0000000,0x00000000f8400000)
  from space 55808K, 48% used [0x00000000f8400000,0x00000000f9e46340,0x00000000fba80000)
  to   space 53248K, 0% used [0x00000000fca00000,0x00000000fca00000,0x00000000ffe00000)
 ParOldGen       total 276992K, used 103206K [0x00000000a0000000, 0x00000000b0e80000, 0x00000000e0000000)
  object space 276992K, 37% used [0x00000000a0000000,0x00000000a64c9ab8,0x00000000b0e80000)
 Metaspace       used 86080K, capacity 91851K, committed 91992K, reserved 1128448K
  class space    used 11422K, capacity 12572K, committed 12672K, reserved 1048576K
}
Event: 1061.073 GC heap before
{Heap before GC invocations=27 (full 3):
 PSYoungGen      total 453120K, used 182583K [0x00000000e0000000, 0x00000000ffe00000, 0x0000000100000000)
  eden space 397312K, 39% used [0x00000000e0000000,0x00000000e9807b70,0x00000000f8400000)
  from space 55808K, 48% used [0x00000000f8400000,0x00000000f9e46340,0x00000000fba80000)
  to   space 53248K, 0% used [0x00000000fca00000,0x00000000fca00000,0x00000000ffe00000)
 ParOldGen       total 276992K, used 103206K [0x00000000a0000000, 0x00000000b0e80000, 0x00000000e0000000)
  object space 276992K, 37% used [0x00000000a0000000,0x00000000a64c9ab8,0x00000000b0e80000)
 Metaspace       used 92103K, capacity 98281K, committed 98380K, reserved 1134592K
  class space    used 12133K, capacity 13397K, committed 13440K, reserved 1048576K
Event: 1061.091 GC heap after
Heap after GC invocations=27 (full 3):
 PSYoungGen      total 468480K, used 33989K [0x00000000e0000000, 0x00000000ffe80000, 0x0000000100000000)
  eden space 415232K, 0% used [0x00000000e0000000,0x00000000e0000000,0x00000000f9580000)
  from space 53248K, 63% used [0x00000000fca00000,0x00000000feb31480,0x00000000ffe00000)
  to   space 53760K, 0% used [0x00000000f9580000,0x00000000f9580000,0x00000000fca00000)
 ParOldGen       total 276992K, used 103851K [0x00000000a0000000, 0x00000000b0e80000, 0x00000000e0000000)
  object space 276992K, 37% used [0x00000000a0000000,0x00000000a656ac38,0x00000000b0e80000)
 Metaspace       used 92103K, capacity 98281K, committed 98380K, reserved 1134592K
  class space    used 12133K, capacity 13397K, committed 13440K, reserved 1048576K
}
Event: 1061.091 GC heap before
{Heap before GC invocations=28 (full 4):
 PSYoungGen      total 468480K, used 33989K [0x00000000e0000000, 0x00000000ffe80000, 0x0000000100000000)
  eden space 415232K, 0% used [0x00000000e0000000,0x00000000e0000000,0x00000000f9580000)
  from space 53248K, 63% used [0x00000000fca00000,0x00000000feb31480,0x00000000ffe00000)
  to   space 53760K, 0% used [0x00000000f9580000,0x00000000f9580000,0x00000000fca00000)
 ParOldGen       total 276992K, used 103851K [0x00000000a0000000, 0x00000000b0e80000, 0x00000000e0000000)
  object space 276992K, 37% used [0x00000000a0000000,0x00000000a656ac38,0x00000000b0e80000)
 Metaspace       used 92103K, capacity 98281K, committed 98380K, reserved 1134592K
  class space    used 12133K, capacity 13397K, committed 13440K, reserved 1048576K
Event: 1061.276 GC heap after
Heap after GC invocations=28 (full 4):
 PSYoungGen      total 468480K, used 0K [0x00000000e0000000, 0x00000000ffe80000, 0x0000000100000000)
  eden space 415232K, 0% used [0x00000000e0000000,0x00000000e0000000,0x00000000f9580000)
  from space 53248K, 0% used [0x00000000fca00000,0x00000000fca00000,0x00000000ffe00000)
  to   space 53760K, 0% used [0x00000000f9580000,0x00000000f9580000,0x00000000fca00000)
 ParOldGen       total 369152K, used 75316K [0x00000000a0000000, 0x00000000b6880000, 0x00000000e0000000)
  object space 369152K, 20% used [0x00000000a0000000,0x00000000a498d140,0x00000000b6880000)
 Metaspace       used 91082K, capacity 95569K, committed 98380K, reserved 1134592K
  class space    used 11778K, capacity 12787K, committed 13440K, reserved 1048576K
}
Event: 1073.918 GC heap before
{Heap before GC invocations=29 (full 4):
 PSYoungGen      total 468480K, used 415232K [0x00000000e0000000, 0x00000000ffe80000, 0x0000000100000000)
  eden space 415232K, 100% used [0x00000000e0000000,0x00000000f9580000,0x00000000f9580000)
  from space 53248K, 0% used [0x00000000fca00000,0x00000000fca00000,0x00000000ffe00000)
  to   space 53760K, 0% used [0x00000000f9580000,0x00000000f9580000,0x00000000fca00000)
 ParOldGen       total 369152K, used 75316K [0x00000000a0000000, 0x00000000b6880000, 0x00000000e0000000)
  object space 369152K, 20% used [0x00000000a0000000,0x00000000a498d140,0x00000000b6880000)
 Metaspace       used 95850K, capacity 100437K, committed 103116K, reserved 1138688K
  class space    used 12250K, capacity 13249K, committed 13824K, reserved 1048576K
Event: 1073.927 GC heap after
Heap after GC invocations=29 (full 4):
 PSYoungGen      total 468992K, used 11377K [0x00000000e0000000, 0x0000000100000000, 0x0000000100000000)
  eden space 415232K, 0% used [0x00000000e0000000,0x00000000e0000000,0x00000000f9580000)
  from space 53760K, 21% used [0x00000000f9580000,0x00000000fa09c410,0x00000000fca00000)
  to   space 53760K, 0% used [0x00000000fcb80000,0x00000000fcb80000,0x0000000100000000)
 ParOldGen       total 369152K, used 75324K [0x00000000a0000000, 0x00000000b6880000, 0x00000000e0000000)
  object space 369152K, 20% used [0x00000000a0000000,0x00000000a498f140,0x00000000b6880000)
 Metaspace       used 95850K, capacity 100437K, committed 103116K, reserved 1138688K
  class space    used 12250K, capacity 13249K, committed 13824K, reserved 1048576K
}

Deoptimization events (10 events):
Event: 1073.750 Thread 0x000000001cabe800 Uncommon trap: reason=class_check action=maybe_recompile pc=0x0000000003fde6a8 method=com.google.gson.stream.JsonWriter.beforeName()V @ 16
Event: 1073.750 Thread 0x000000001cabe800 Uncommon trap: reason=unstable_if action=reinterpret pc=0x0000000006509ad0 method=com.google.gson.stream.JsonWriter.string(Ljava/lang/String;)V @ 143
Event: 1073.750 Thread 0x000000001cabe800 Uncommon trap: reason=bimorphic action=maybe_recompile pc=0x0000000005623788 method=java.io.Writer.append(Ljava/lang/CharSequence;)Ljava/io/Writer; @ 20
Event: 1073.752 Thread 0x000000001cabe800 Uncommon trap: reason=bimorphic action=maybe_recompile pc=0x0000000005623788 method=java.io.Writer.append(Ljava/lang/CharSequence;)Ljava/io/Writer; @ 20
Event: 1073.773 Thread 0x000000001cc9e000 Uncommon trap: reason=bimorphic action=maybe_recompile pc=0x00000000031f64b4 method=java.io.BufferedOutputStream.write([BII)V @ 20
Event: 1073.911 Thread 0x000000001cabe800 Uncommon trap: reason=class_check action=maybe_recompile pc=0x0000000004d1e754 method=java.util.Spliterators$ArraySpliterator.tryAdvance(Ljava/util/function/Consumer;)Z @ 49
Event: 1073.911 Thread 0x000000001cabe800 Uncommon trap: reason=class_check action=maybe_recompile pc=0x000000000515d89c method=java.util.Spliterators$ArraySpliterator.tryAdvance(Ljava/util/function/Consumer;)Z @ 49
Event: 1073.911 Thread 0x000000001cabe800 Uncommon trap: reason=class_check action=maybe_recompile pc=0x000000000515d89c method=java.util.Spliterators$ArraySpliterator.tryAdvance(Ljava/util/function/Consumer;)Z @ 49
Event: 1073.911 Thread 0x000000001cabe800 Uncommon trap: reason=class_check action=maybe_recompile pc=0x000000000515d89c method=java.util.Spliterators$ArraySpliterator.tryAdvance(Ljava/util/function/Consumer;)Z @ 49
Event: 1073.912 Thread 0x000000001cabe800 Uncommon trap: reason=class_check action=maybe_recompile pc=0x0000000004d1e754 method=java.util.Spliterators$ArraySpliterator.tryAdvance(Ljava/util/function/Consumer;)Z @ 49

Classes redefined (0 events):
No events

Internal exceptions (10 events):
Event: 1068.083 Thread 0x0000000024a7f800 Exception <a 'java/io/FileNotFoundException'> (0x00000000f3249c00) thrown at [D:\src\AOSP-openjdk-cygwin\jdk8u\hotspot\src\share\vm\prims\jni.cpp, line 709]
Event: 1068.614 Thread 0x000000001cabe800 Implicit null exception at 0x0000000006458107 to 0x000000000645a7e1
Event: 1068.614 Thread 0x000000001cabe800 Implicit null exception at 0x0000000004f41d17 to 0x0000000004f4205d
Event: 1070.890 Thread 0x000000001cabe800 Implicit null exception at 0x0000000005aef122 to 0x0000000005aefe49
Event: 1073.765 Thread 0x000000001cca6800 Exception <a 'sun/nio/fs/WindowsException'> (0x00000000ebc0c738) thrown at [D:\src\AOSP-openjdk-cygwin\jdk8u\hotspot\src\share\vm\prims\jni.cpp, line 709]
Event: 1073.765 Thread 0x000000001cca8000 Exception <a 'sun/nio/fs/WindowsException'> (0x00000000f7f8c060) thrown at [D:\src\AOSP-openjdk-cygwin\jdk8u\hotspot\src\share\vm\prims\jni.cpp, line 709]
Event: 1073.765 Thread 0x000000001cc9e000 Exception <a 'sun/nio/fs/WindowsException'> (0x00000000ea8ece40) thrown at [D:\src\AOSP-openjdk-cygwin\jdk8u\hotspot\src\share\vm\prims\jni.cpp, line 709]
Event: 1073.765 Thread 0x000000001cca8800 Exception <a 'sun/nio/fs/WindowsException'> (0x00000000f7fee970) thrown at [D:\src\AOSP-openjdk-cygwin\jdk8u\hotspot\src\share\vm\prims\jni.cpp, line 709]
Event: 1073.766 Thread 0x000000001cca5800 Exception <a 'sun/nio/fs/WindowsException'> (0x00000000ea9b2340) thrown at [D:\src\AOSP-openjdk-cygwin\jdk8u\hotspot\src\share\vm\prims\jni.cpp, line 709]
Event: 1073.766 Thread 0x000000001cac4800 Exception <a 'sun/nio/fs/WindowsException'> (0x00000000f7f42d40) thrown at [D:\src\AOSP-openjdk-cygwin\jdk8u\hotspot\src\share\vm\prims\jni.cpp, line 709]

Events (10 events):
Event: 1073.982 loading class com/google/common/collect/ImmutableList$Builder
Event: 1073.982 loading class com/google/common/collect/ImmutableList$Builder done
Event: 1073.986 Thread 0x0000000018ca7000 flushing nmethod 0x0000000003d53bd0
Event: 1073.987 Thread 0x0000000018ca7000 flushing nmethod 0x0000000003f0a690
Event: 1073.987 Thread 0x0000000018ca7000 flushing nmethod 0x0000000003f0cad0
Event: 1073.987 Thread 0x0000000018ca7000 flushing nmethod 0x0000000003f5fa50
Event: 1073.987 Thread 0x0000000018ca7000 flushing nmethod 0x0000000003f6c850
Event: 1073.987 Thread 0x0000000018ca7000 flushing nmethod 0x0000000003f7f3d0
Event: 1073.987 Thread 0x0000000018ca7000 flushing nmethod 0x0000000003f94650
Event: 1073.987 Thread 0x0000000018ca7000 flushing nmethod 0x0000000003f9a090


Dynamic libraries:
0x00007ff6af380000 - 0x00007ff6af3b1000 	D:\Android\jre\bin\java.exe
0x00007fff3ba10000 - 0x00007fff3bbf1000 	C:\Windows\SYSTEM32\ntdll.dll
0x00007fff38eb0000 - 0x00007fff38f61000 	C:\Windows\System32\KERNEL32.DLL
0x00007fff389b0000 - 0x00007fff38c23000 	C:\Windows\System32\KERNELBASE.dll
0x00007fff390a0000 - 0x00007fff39141000 	C:\Windows\System32\ADVAPI32.dll
0x00007fff3b940000 - 0x00007fff3b9de000 	C:\Windows\System32\msvcrt.dll
0x00007fff3b3a0000 - 0x00007fff3b3fb000 	C:\Windows\System32\sechost.dll
0x00007fff38f70000 - 0x00007fff39094000 	C:\Windows\System32\RPCRT4.dll
0x00007fff3b470000 - 0x00007fff3b600000 	C:\Windows\System32\USER32.dll
0x00007fff385f0000 - 0x00007fff38610000 	C:\Windows\System32\win32u.dll
0x00007fff39820000 - 0x00007fff39848000 	C:\Windows\System32\GDI32.dll
0x00007fff38610000 - 0x00007fff387a2000 	C:\Windows\System32\gdi32full.dll
0x00007fff38550000 - 0x00007fff385ef000 	C:\Windows\System32\msvcp_win.dll
0x00007fff38800000 - 0x00007fff388f8000 	C:\Windows\System32\ucrtbase.dll
0x00007fff2f550000 - 0x00007fff2f7b9000 	C:\Windows\WinSxS\amd64_microsoft.windows.common-controls_6595b64144ccf1df_6.0.17134.765_none_fb42a1a930655896\COMCTL32.dll
0x00007fff3b600000 - 0x00007fff3b922000 	C:\Windows\System32\combase.dll
0x00007fff38e20000 - 0x00007fff38e9a000 	C:\Windows\System32\bcryptPrimitives.dll
0x00007fff39f20000 - 0x00007fff39f4d000 	C:\Windows\System32\IMM32.DLL
0x00000000644a0000 - 0x0000000064572000 	D:\Android\jre\jre\bin\msvcr100.dll
0x0000000064950000 - 0x000000006518f000 	D:\Android\jre\jre\bin\server\jvm.dll
0x00007fff3b930000 - 0x00007fff3b938000 	C:\Windows\System32\PSAPI.DLL
0x00007fff2cbd0000 - 0x00007fff2cbf3000 	C:\Windows\SYSTEM32\WINMM.dll
0x00007fff2f860000 - 0x00007fff2f86a000 	C:\Windows\SYSTEM32\VERSION.dll
0x00007fff2e2e0000 - 0x00007fff2e2e9000 	C:\Windows\SYSTEM32\WSOCK32.dll
0x00007fff3b400000 - 0x00007fff3b46c000 	C:\Windows\System32\WS2_32.dll
0x00007fff2c7a0000 - 0x00007fff2c7ca000 	C:\Windows\SYSTEM32\winmmbase.dll
0x00007fff387b0000 - 0x00007fff387f9000 	C:\Windows\System32\cfgmgr32.dll
0x00007fff30610000 - 0x00007fff3061f000 	D:\Android\jre\jre\bin\verify.dll
0x00007fff0c760000 - 0x00007fff0c789000 	D:\Android\jre\jre\bin\java.dll
0x00007fff30bd0000 - 0x00007fff30be6000 	D:\Android\jre\jre\bin\zip.dll
0x00007fff39f50000 - 0x00007fff3b390000 	C:\Windows\System32\SHELL32.dll
0x00007fff39770000 - 0x00007fff39819000 	C:\Windows\System32\shcore.dll
0x00007fff37e40000 - 0x00007fff3854d000 	C:\Windows\System32\windows.storage.dll
0x00007fff398f0000 - 0x00007fff39941000 	C:\Windows\System32\shlwapi.dll
0x00007fff37dc0000 - 0x00007fff37dd1000 	C:\Windows\System32\kernel.appcore.dll
0x00007fff37d30000 - 0x00007fff37d4f000 	C:\Windows\System32\profapi.dll
0x00007fff37d50000 - 0x00007fff37d9c000 	C:\Windows\System32\powrprof.dll
0x00007fff37d20000 - 0x00007fff37d2a000 	C:\Windows\System32\FLTLIB.DLL
0x00007ffefbb60000 - 0x00007ffefbb7a000 	D:\Android\jre\jre\bin\net.dll
0x00007fff375a0000 - 0x00007fff37606000 	C:\Windows\system32\mswsock.dll
0x00007fff184f0000 - 0x00007fff18501000 	D:\Android\jre\jre\bin\nio.dll
0x00007fff334d0000 - 0x00007fff334ee000 	C:\Users\Dell\.gradle\native\25\windows-amd64\native-platform.dll
0x00007fff16f70000 - 0x00007fff16f7d000 	D:\Android\jre\jre\bin\management.dll
0x00007fff37750000 - 0x00007fff37767000 	C:\Windows\SYSTEM32\CRYPTSP.dll
0x00007fff37180000 - 0x00007fff371b3000 	C:\Windows\system32\rsaenh.dll
0x00007fff37880000 - 0x00007fff378a5000 	C:\Windows\SYSTEM32\bcrypt.dll
0x00007fff37c50000 - 0x00007fff37c78000 	C:\Windows\SYSTEM32\USERENV.dll
0x00007fff37770000 - 0x00007fff3777b000 	C:\Windows\SYSTEM32\CRYPTBASE.dll
0x00007fff37320000 - 0x00007fff37358000 	C:\Windows\SYSTEM32\IPHLPAPI.DLL
0x00007fff38ea0000 - 0x00007fff38ea8000 	C:\Windows\System32\NSI.dll
0x00007fff32060000 - 0x00007fff32076000 	C:\Windows\SYSTEM32\dhcpcsvc6.DLL
0x00007fff323d0000 - 0x00007fff323ea000 	C:\Windows\SYSTEM32\dhcpcsvc.DLL
0x00007fff36e10000 - 0x00007fff36e41000 	C:\Windows\SYSTEM32\ntmarta.dll
0x00007fff08820000 - 0x00007fff08844000 	D:\Android\jre\jre\bin\sunec.dll
0x00007fff37370000 - 0x00007fff3742e000 	C:\Windows\SYSTEM32\DNSAPI.dll
0x00007fff2f8d0000 - 0x00007fff2f8da000 	C:\Windows\System32\rasadhlp.dll
0x00007fff2fad0000 - 0x00007fff2fb42000 	C:\Windows\System32\fwpuclnt.dll
0x00007fff33f90000 - 0x00007fff33f9b000 	D:\Android\jre\jre\bin\sunmscapi.dll
0x00007fff38c30000 - 0x00007fff38e12000 	C:\Windows\System32\CRYPT32.dll
0x00007fff37da0000 - 0x00007fff37db2000 	C:\Windows\System32\MSASN1.dll
0x00007ffee6a90000 - 0x00007ffee6c26000 	D:\Android\jre\jre\bin\awt.dll
0x00007fff39640000 - 0x00007fff39702000 	C:\Windows\System32\OLEAUT32.dll
0x00007fff34d90000 - 0x00007fff35357000 	C:\Windows\SYSTEM32\d2d1.dll
0x00007fff35b70000 - 0x00007fff35bfb000 	C:\Windows\SYSTEM32\apphelp.dll
0x00007fff36190000 - 0x00007fff361b9000 	C:\Windows\system32\DWMAPI.DLL
0x00007fff36060000 - 0x00007fff360f8000 	C:\Windows\system32\uxtheme.dll

VM Arguments:
jvm_args: -Xmx1536m -Dfile.encoding=windows-1252 -Duser.country=MY -Duser.language=en -Duser.variant 
java_command: org.gradle.launcher.daemon.bootstrap.GradleDaemon 4.4
java_class_path (initial): C:\Users\Dell\.gradle\wrapper\dists\gradle-4.4-all\9br9xq1tocpiv8o6njlyu5op1\gradle-4.4\lib\gradle-launcher-4.4.jar
Launcher Type: SUN_STANDARD

Environment Variables:
JAVA_HOME=C:\Program Files\Java\jdk1.8.0_211
CLASSPATH=.;
PATH=C:\Python27\;C:\Python27\Scripts;C:\Program Files (x86)\Intel\Intel(R) Management Engine Components\iCLS\;C:\Program Files\Intel\Intel(R) Management Engine Components\iCLS\;C:\Windows\system32;C:\Windows;C:\Windows\System32\Wbem;C:\Windows\System32\WindowsPowerShell\v1.0\;C:\Windows\System32\OpenSSH\;C:\Program Files (x86)\Intel\Intel(R) Management Engine Components\DAL;C:\Program Files\Intel\Intel(R) Management Engine Components\DAL;C:\Program Files (x86)\Intel\Intel(R) Management Engine Components\IPT;C:\Program Files\Intel\Intel(R) Management Engine Components\IPT;C:\Users\Dell\AppData\Local\Programs\Python\Python37-32;C:\Users\Dell\AppData\Local\Programs\Python\Python37-32\Scripts;C:\Program Files\Git\cmd;C:\ProgramData\chocolatey\bin;C:\Program Files\nodejs\;C:\Program Files\Java\jdk1.8.0_211\bin;C:\Users\Dell\AppData\Local\Microsoft\WindowsApps;C:\Program Files\JetBrains\PyCharm 2018.3\bin;;C:\Users\Dell\AppData\Local\atom\bin;D:\Microsoft VS Code\bin;C:\Users\Dell\AppData\Roaming\npm
USERNAME=Dell
OS=Windows_NT
PROCESSOR_IDENTIFIER=Intel64 Family 6 Model 142 Stepping 10, GenuineIntel



---------------  S Y S T E M  ---------------

OS: Windows 10.0 , 64 bit Build 17134 (10.0.17134.753)

CPU:total 8 (initial active 8) (4 cores per cpu, 2 threads per core) family 6 model 142 stepping 10, cmov, cx8, fxsr, mmx, sse, sse2, sse3, ssse3, sse4.1, sse4.2, popcnt, avx, avx2, aes, clmul, erms, 3dnowpref, lzcnt, ht, tsc, tscinvbit, bmi1, bmi2, adx

Memory: 4k page, physical 16672508k(1075792k free), swap 30486136k(8412k free)

vm_info: OpenJDK 64-Bit Server VM (25.152-b02) for windows-amd64 JRE (1.8.0_152-release-1024-b02), built by "builder" with MS VC++ 10.0 (VS2010)

time: Thu Jun 20 15:46:30 2019
elapsed time: 1074 seconds (0d 0h 17m 54s)

